2015-11-26 16:25:55,523 [Worker-37] INFO  o.e.m.c.i.e.AbstractTransferListenerAdapter - Downloading http://maven.wso2.org/nexus/content/groups/wso2-public/org/wso2/maven/maven-car-plugin/2.1.0/maven-car-plugin-2.1.0.pom
2015-11-26 16:25:55,678 [Worker-37] INFO  o.e.m.c.i.e.AbstractTransferListenerAdapter - Downloaded http://maven.wso2.org/nexus/content/groups/wso2-public/org/wso2/maven/maven-car-plugin/2.1.0/maven-car-plugin-2.1.0.pom
2015-11-26 16:25:58,404 [Worker-37] INFO  o.e.m.c.i.e.AbstractTransferListenerAdapter - Downloading http://maven.wso2.org/nexus/content/groups/wso2-public/org/apache/geronimo/specs/wso2/geronimo-stax-api_1.0_spec/1.0.1.wso2v1/geronimo-stax-api_1.0_spec-1.0.1.wso2v1.pom
2015-11-26 16:25:58,433 [Worker-37] INFO  o.e.m.c.i.e.AbstractTransferListenerAdapter - Downloaded http://maven.wso2.org/nexus/content/groups/wso2-public/org/apache/geronimo/specs/wso2/geronimo-stax-api_1.0_spec/1.0.1.wso2v1/geronimo-stax-api_1.0_spec-1.0.1.wso2v1.pom
2015-11-26 16:25:58,443 [Worker-37] INFO  o.e.m.c.i.e.AbstractTransferListenerAdapter - Downloading http://maven.wso2.org/nexus/content/groups/wso2-public/org/wso2/carbon/carbon-orbit-parent/3.1.0/carbon-orbit-parent-3.1.0.pom
2015-11-26 16:25:58,852 [Worker-37] INFO  o.e.m.c.i.e.AbstractTransferListenerAdapter - Downloaded http://maven.wso2.org/nexus/content/groups/wso2-public/org/wso2/carbon/carbon-orbit-parent/3.1.0/carbon-orbit-parent-3.1.0.pom
2015-11-26 16:25:59,182 [Worker-37] INFO  o.e.m.c.i.e.AbstractTransferListenerAdapter - Downloading http://maven.wso2.org/nexus/content/groups/wso2-public/org/wso2/maven/maven-synapse-plugin/2.1.0/maven-synapse-plugin-2.1.0.pom
2015-11-26 16:25:59,333 [Worker-37] INFO  o.e.m.c.i.e.AbstractTransferListenerAdapter - Downloaded http://maven.wso2.org/nexus/content/groups/wso2-public/org/wso2/maven/maven-synapse-plugin/2.1.0/maven-synapse-plugin-2.1.0.pom
2015-11-26 16:25:59,348 [Worker-37] INFO  o.e.m.c.i.e.AbstractTransferListenerAdapter - Downloading http://maven.wso2.org/nexus/content/groups/wso2-public/org/apache/commons/commons-io/1.3.2/commons-io-1.3.2.pom
2015-11-26 16:25:59,503 [Worker-37] INFO  o.e.m.c.i.e.AbstractTransferListenerAdapter - Downloaded http://maven.wso2.org/nexus/content/groups/wso2-public/org/apache/commons/commons-io/1.3.2/commons-io-1.3.2.pom
2015-11-26 16:25:59,514 [Worker-37] INFO  o.e.m.c.i.e.AbstractTransferListenerAdapter - Downloading http://maven.wso2.org/nexus/content/groups/wso2-public/org/apache/commons/commons-parent/3/commons-parent-3.pom
2015-11-26 16:25:59,670 [Worker-37] INFO  o.e.m.c.i.e.AbstractTransferListenerAdapter - Downloaded http://maven.wso2.org/nexus/content/groups/wso2-public/org/apache/commons/commons-parent/3/commons-parent-3.pom
2015-11-26 16:25:59,682 [Worker-37] INFO  o.e.m.c.i.e.AbstractTransferListenerAdapter - Downloading http://maven.wso2.org/nexus/content/groups/wso2-public/org/wso2/maven/maven-stratos-plugin/2.1.0/maven-stratos-plugin-2.1.0.pom
2015-11-26 16:25:59,838 [Worker-37] INFO  o.e.m.c.i.e.AbstractTransferListenerAdapter - Downloaded http://maven.wso2.org/nexus/content/groups/wso2-public/org/wso2/maven/maven-stratos-plugin/2.1.0/maven-stratos-plugin-2.1.0.pom
2015-11-26 16:25:59,977 [Worker-37] INFO  o.e.m.c.i.e.AbstractTransferListenerAdapter - Downloading http://maven.wso2.org/nexus/content/groups/wso2-public/org/apache/axis2/wso2/axis2-client/1.6.1.wso2v9/axis2-client-1.6.1.wso2v9.pom
2015-11-26 16:26:00,002 [Worker-37] INFO  o.e.m.c.i.e.AbstractTransferListenerAdapter - Downloaded http://maven.wso2.org/nexus/content/groups/wso2-public/org/apache/axis2/wso2/axis2-client/1.6.1.wso2v9/axis2-client-1.6.1.wso2v9.pom
2015-11-26 16:26:00,142 [Worker-37] INFO  o.e.m.c.i.e.AbstractTransferListenerAdapter - Downloading http://maven.wso2.org/nexus/content/groups/wso2-public/org/apache/ws/commons/schema/wso2/XmlSchema/1.4.7.wso2v1/XmlSchema-1.4.7.wso2v1.pom
2015-11-26 16:26:00,166 [Worker-37] INFO  o.e.m.c.i.e.AbstractTransferListenerAdapter - Downloaded http://maven.wso2.org/nexus/content/groups/wso2-public/org/apache/ws/commons/schema/wso2/XmlSchema/1.4.7.wso2v1/XmlSchema-1.4.7.wso2v1.pom
2015-11-26 16:26:00,177 [Worker-37] INFO  o.e.m.c.i.e.AbstractTransferListenerAdapter - Downloading http://maven.wso2.org/nexus/content/groups/wso2-public/org/wso2/carbon/carbon-orbit-parent/3.2.0/carbon-orbit-parent-3.2.0.pom
2015-11-26 16:26:00,491 [Worker-37] INFO  o.e.m.c.i.e.AbstractTransferListenerAdapter - Downloaded http://maven.wso2.org/nexus/content/groups/wso2-public/org/wso2/carbon/carbon-orbit-parent/3.2.0/carbon-orbit-parent-3.2.0.pom
2015-11-26 16:26:00,503 [Worker-37] INFO  o.e.m.c.i.e.AbstractTransferListenerAdapter - Downloading http://maven.wso2.org/nexus/content/groups/wso2-public/org/wso2/carbon/carbon-platform/3.2.0/carbon-platform-3.2.0.pom
2015-11-26 16:26:00,658 [Worker-37] INFO  o.e.m.c.i.e.AbstractTransferListenerAdapter - Downloaded http://maven.wso2.org/nexus/content/groups/wso2-public/org/wso2/carbon/carbon-platform/3.2.0/carbon-platform-3.2.0.pom
2015-11-26 16:26:00,800 [Worker-37] INFO  o.e.m.c.i.e.AbstractTransferListenerAdapter - Downloading http://maven.wso2.org/nexus/content/groups/wso2-public/org/apache/neethi/wso2/neethi/2.0.4.wso2v3/neethi-2.0.4.wso2v3.pom
2015-11-26 16:26:00,826 [Worker-37] INFO  o.e.m.c.i.e.AbstractTransferListenerAdapter - Downloaded http://maven.wso2.org/nexus/content/groups/wso2-public/org/apache/neethi/wso2/neethi/2.0.4.wso2v3/neethi-2.0.4.wso2v3.pom
2015-11-26 16:26:00,839 [Worker-37] INFO  o.e.m.c.i.e.AbstractTransferListenerAdapter - Downloading http://maven.wso2.org/nexus/content/groups/wso2-public/org/apache/axis2/wso2/axis2-json/1.6.1.wso2v9/axis2-json-1.6.1.wso2v9.pom
2015-11-26 16:26:00,977 [Worker-37] INFO  o.e.m.c.i.e.AbstractTransferListenerAdapter - Downloaded http://maven.wso2.org/nexus/content/groups/wso2-public/org/apache/axis2/wso2/axis2-json/1.6.1.wso2v9/axis2-json-1.6.1.wso2v9.pom
2015-11-26 16:26:00,991 [Worker-37] INFO  o.e.m.c.i.e.AbstractTransferListenerAdapter - Downloading http://maven.wso2.org/nexus/content/groups/wso2-public/org/apache/woden/wso2/woden/1.0.0.M8-wso2v1/woden-1.0.0.M8-wso2v1.pom
2015-11-26 16:26:01,018 [Worker-37] INFO  o.e.m.c.i.e.AbstractTransferListenerAdapter - Downloaded http://maven.wso2.org/nexus/content/groups/wso2-public/org/apache/woden/wso2/woden/1.0.0.M8-wso2v1/woden-1.0.0.M8-wso2v1.pom
2015-11-26 16:26:01,029 [Worker-37] INFO  o.e.m.c.i.e.AbstractTransferListenerAdapter - Downloading http://maven.wso2.org/nexus/content/groups/wso2-public/wsdl4j/wso2/wsdl4j/1.6.2.wso2v2/wsdl4j-1.6.2.wso2v2.pom
2015-11-26 16:26:01,054 [Worker-37] INFO  o.e.m.c.i.e.AbstractTransferListenerAdapter - Downloaded http://maven.wso2.org/nexus/content/groups/wso2-public/wsdl4j/wso2/wsdl4j/1.6.2.wso2v2/wsdl4j-1.6.2.wso2v2.pom
2015-11-26 16:26:01,069 [Worker-37] INFO  o.e.m.c.i.e.AbstractTransferListenerAdapter - Downloading http://maven.wso2.org/nexus/content/groups/wso2-public/wsdl4j/wsdl4j/1.6.2/wsdl4j-1.6.2.pom
2015-11-26 16:26:01,086 [Worker-37] INFO  o.e.m.c.i.e.AbstractTransferListenerAdapter - Downloaded http://maven.wso2.org/nexus/content/groups/wso2-public/wsdl4j/wsdl4j/1.6.2/wsdl4j-1.6.2.pom
2015-11-26 16:26:01,097 [Worker-37] INFO  o.e.m.c.i.e.AbstractTransferListenerAdapter - Downloading http://maven.wso2.org/nexus/content/groups/wso2-public/org/wso2/securevault/org.wso2.securevault/1.0.0/org.wso2.securevault-1.0.0.pom
2015-11-26 16:26:01,149 [Worker-37] INFO  o.e.m.c.i.e.AbstractTransferListenerAdapter - Downloaded http://maven.wso2.org/nexus/content/groups/wso2-public/org/wso2/securevault/org.wso2.securevault/1.0.0/org.wso2.securevault-1.0.0.pom
2015-11-26 16:26:01,161 [Worker-37] INFO  o.e.m.c.i.e.AbstractTransferListenerAdapter - Downloading http://maven.wso2.org/nexus/content/groups/wso2-public/org/apache/httpcomponents/wso2/httpcore/4.2.3.wso2v1/httpcore-4.2.3.wso2v1.pom
2015-11-26 16:26:01,186 [Worker-37] INFO  o.e.m.c.i.e.AbstractTransferListenerAdapter - Downloaded http://maven.wso2.org/nexus/content/groups/wso2-public/org/apache/httpcomponents/wso2/httpcore/4.2.3.wso2v1/httpcore-4.2.3.wso2v1.pom
2015-11-26 16:26:01,196 [Worker-37] INFO  o.e.m.c.i.e.AbstractTransferListenerAdapter - Downloading http://maven.wso2.org/nexus/content/groups/wso2-public/org/wso2/carbon/orbit-parent/4.1.0/orbit-parent-4.1.0.pom
2015-11-26 16:26:01,259 [Worker-37] INFO  o.e.m.c.i.e.AbstractTransferListenerAdapter - Downloaded http://maven.wso2.org/nexus/content/groups/wso2-public/org/wso2/carbon/orbit-parent/4.1.0/orbit-parent-4.1.0.pom
2015-11-26 16:26:01,274 [Worker-37] INFO  o.e.m.c.i.e.AbstractTransferListenerAdapter - Downloading http://maven.wso2.org/nexus/content/groups/wso2-public/commons-fileupload/wso2/commons-fileupload/1.2.0.wso2v1/commons-fileupload-1.2.0.wso2v1.pom
2015-11-26 16:26:01,298 [Worker-37] INFO  o.e.m.c.i.e.AbstractTransferListenerAdapter - Downloaded http://maven.wso2.org/nexus/content/groups/wso2-public/commons-fileupload/wso2/commons-fileupload/1.2.0.wso2v1/commons-fileupload-1.2.0.wso2v1.pom
2015-11-26 16:26:01,310 [Worker-37] INFO  o.e.m.c.i.e.AbstractTransferListenerAdapter - Downloading http://maven.wso2.org/nexus/content/groups/wso2-public/commons-codec/wso2/commons-codec/1.4.0.wso2v1/commons-codec-1.4.0.wso2v1.pom
2015-11-26 16:26:01,334 [Worker-37] INFO  o.e.m.c.i.e.AbstractTransferListenerAdapter - Downloaded http://maven.wso2.org/nexus/content/groups/wso2-public/commons-codec/wso2/commons-codec/1.4.0.wso2v1/commons-codec-1.4.0.wso2v1.pom
2015-11-26 16:26:01,364 [Worker-37] INFO  o.e.m.c.i.e.AbstractTransferListenerAdapter - Downloading http://maven.wso2.org/nexus/content/groups/wso2-public/commons-httpclient/wso2/commons-httpclient/3.1.0.wso2v1/commons-httpclient-3.1.0.wso2v1.pom
2015-11-26 16:26:01,393 [Worker-37] INFO  o.e.m.c.i.e.AbstractTransferListenerAdapter - Downloaded http://maven.wso2.org/nexus/content/groups/wso2-public/commons-httpclient/wso2/commons-httpclient/3.1.0.wso2v1/commons-httpclient-3.1.0.wso2v1.pom
2015-11-26 16:26:01,420 [Worker-37] INFO  o.e.m.c.i.e.AbstractTransferListenerAdapter - Downloading http://maven.wso2.org/nexus/content/groups/wso2-public/org/wso2/carbon/org.wso2.carbon.authenticator.stub/3.2.0/org.wso2.carbon.authenticator.stub-3.2.0.pom
2015-11-26 16:26:01,455 [Worker-37] INFO  o.e.m.c.i.e.AbstractTransferListenerAdapter - Downloaded http://maven.wso2.org/nexus/content/groups/wso2-public/org/wso2/carbon/org.wso2.carbon.authenticator.stub/3.2.0/org.wso2.carbon.authenticator.stub-3.2.0.pom
2015-11-26 16:26:01,466 [Worker-37] INFO  o.e.m.c.i.e.AbstractTransferListenerAdapter - Downloading http://maven.wso2.org/nexus/content/groups/wso2-public/org/wso2/carbon/service-stubs/3.2.0/service-stubs-3.2.0.pom
2015-11-26 16:26:01,563 [Worker-37] INFO  o.e.m.c.i.e.AbstractTransferListenerAdapter - Downloaded http://maven.wso2.org/nexus/content/groups/wso2-public/org/wso2/carbon/service-stubs/3.2.0/service-stubs-3.2.0.pom
2015-11-26 16:26:01,575 [Worker-37] INFO  o.e.m.c.i.e.AbstractTransferListenerAdapter - Downloading http://maven.wso2.org/nexus/content/groups/wso2-public/org/apache/axis2/wso2/axis2/1.6.1.wso2v3/axis2-1.6.1.wso2v3.pom
2015-11-26 16:26:01,678 [Worker-37] INFO  o.e.m.c.i.e.AbstractTransferListenerAdapter - Downloaded http://maven.wso2.org/nexus/content/groups/wso2-public/org/apache/axis2/wso2/axis2/1.6.1.wso2v3/axis2-1.6.1.wso2v3.pom
2015-11-26 16:26:01,691 [Worker-37] INFO  o.e.m.c.i.e.AbstractTransferListenerAdapter - Downloading http://maven.wso2.org/nexus/content/groups/wso2-public/org/apache/ws/commons/schema/XmlSchema/1.4.7-wso2v1/XmlSchema-1.4.7-wso2v1.pom
2015-11-26 16:26:01,778 [Worker-37] INFO  o.e.m.c.i.e.AbstractTransferListenerAdapter - Downloaded http://maven.wso2.org/nexus/content/groups/wso2-public/org/apache/ws/commons/schema/XmlSchema/1.4.7-wso2v1/XmlSchema-1.4.7-wso2v1.pom
2015-11-26 16:26:01,792 [Worker-37] INFO  o.e.m.c.i.e.AbstractTransferListenerAdapter - Downloading http://maven.wso2.org/nexus/content/groups/wso2-public/org/wso2/carbon/org.wso2.carbon.roles.mgt.stub/3.2.0/org.wso2.carbon.roles.mgt.stub-3.2.0.pom
2015-11-26 16:26:01,827 [Worker-37] INFO  o.e.m.c.i.e.AbstractTransferListenerAdapter - Downloaded http://maven.wso2.org/nexus/content/groups/wso2-public/org/wso2/carbon/org.wso2.carbon.roles.mgt.stub/3.2.0/org.wso2.carbon.roles.mgt.stub-3.2.0.pom
2015-11-26 16:26:01,939 [Worker-37] INFO  o.e.m.c.i.e.AbstractTransferListenerAdapter - Downloading http://maven.wso2.org/nexus/content/groups/wso2-public/org/wso2/maven/maven-car-plugin/2.1.0/maven-car-plugin-2.1.0.jar
2015-11-26 16:26:02,119 [Worker-37] INFO  o.e.m.c.i.e.AbstractTransferListenerAdapter - Downloaded http://maven.wso2.org/nexus/content/groups/wso2-public/org/wso2/maven/maven-car-plugin/2.1.0/maven-car-plugin-2.1.0.jar
2015-11-26 16:26:02,126 [Worker-37] INFO  o.e.m.c.i.e.AbstractTransferListenerAdapter - Downloading http://maven.wso2.org/nexus/content/groups/wso2-public/org/apache/geronimo/specs/wso2/geronimo-stax-api_1.0_spec/1.0.1.wso2v1/geronimo-stax-api_1.0_spec-1.0.1.wso2v1.jar
2015-11-26 16:26:04,458 [Worker-37] INFO  o.e.m.c.i.e.AbstractTransferListenerAdapter - Downloaded http://maven.wso2.org/nexus/content/groups/wso2-public/org/apache/geronimo/specs/wso2/geronimo-stax-api_1.0_spec/1.0.1.wso2v1/geronimo-stax-api_1.0_spec-1.0.1.wso2v1.jar
2015-11-26 16:26:04,463 [Worker-37] INFO  o.e.m.c.i.e.AbstractTransferListenerAdapter - Downloading http://maven.wso2.org/nexus/content/groups/wso2-public/org/wso2/maven/maven-synapse-plugin/2.1.0/maven-synapse-plugin-2.1.0.jar
2015-11-26 16:26:04,622 [Worker-37] INFO  o.e.m.c.i.e.AbstractTransferListenerAdapter - Downloaded http://maven.wso2.org/nexus/content/groups/wso2-public/org/wso2/maven/maven-synapse-plugin/2.1.0/maven-synapse-plugin-2.1.0.jar
2015-11-26 16:26:04,627 [Worker-37] INFO  o.e.m.c.i.e.AbstractTransferListenerAdapter - Downloading http://maven.wso2.org/nexus/content/groups/wso2-public/org/apache/commons/commons-io/1.3.2/commons-io-1.3.2.jar
2015-11-26 16:26:05,028 [Worker-37] INFO  o.e.m.c.i.e.AbstractTransferListenerAdapter - Downloaded http://maven.wso2.org/nexus/content/groups/wso2-public/org/apache/commons/commons-io/1.3.2/commons-io-1.3.2.jar
2015-11-26 16:26:05,120 [Worker-37] INFO  o.e.m.c.i.e.AbstractTransferListenerAdapter - Downloading http://maven.wso2.org/nexus/content/groups/wso2-public/org/wso2/maven/maven-stratos-plugin/2.1.0/maven-stratos-plugin-2.1.0.jar
2015-11-26 16:26:05,510 [Worker-37] INFO  o.e.m.c.i.e.AbstractTransferListenerAdapter - Downloaded http://maven.wso2.org/nexus/content/groups/wso2-public/org/wso2/maven/maven-stratos-plugin/2.1.0/maven-stratos-plugin-2.1.0.jar
2015-11-26 16:26:05,517 [Worker-37] INFO  o.e.m.c.i.e.AbstractTransferListenerAdapter - Downloading http://maven.wso2.org/nexus/content/groups/wso2-public/org/apache/axis2/wso2/axis2-client/1.6.1.wso2v9/axis2-client-1.6.1.wso2v9.jar
2015-11-26 16:26:23,836 [Worker-37] INFO  o.e.m.c.i.e.AbstractTransferListenerAdapter - Downloaded http://maven.wso2.org/nexus/content/groups/wso2-public/org/apache/axis2/wso2/axis2-client/1.6.1.wso2v9/axis2-client-1.6.1.wso2v9.jar
2015-11-26 16:26:23,842 [Worker-37] INFO  o.e.m.c.i.e.AbstractTransferListenerAdapter - Downloading http://maven.wso2.org/nexus/content/groups/wso2-public/org/apache/ws/commons/schema/wso2/XmlSchema/1.4.7.wso2v1/XmlSchema-1.4.7.wso2v1.jar
2015-11-26 16:26:24,444 [Worker-37] INFO  o.e.m.c.i.e.AbstractTransferListenerAdapter - Downloaded http://maven.wso2.org/nexus/content/groups/wso2-public/org/apache/ws/commons/schema/wso2/XmlSchema/1.4.7.wso2v1/XmlSchema-1.4.7.wso2v1.jar
2015-11-26 16:26:24,449 [Worker-37] INFO  o.e.m.c.i.e.AbstractTransferListenerAdapter - Downloading http://maven.wso2.org/nexus/content/groups/wso2-public/org/apache/neethi/wso2/neethi/2.0.4.wso2v3/neethi-2.0.4.wso2v3.jar
2015-11-26 16:26:24,582 [Worker-37] INFO  o.e.m.c.i.e.AbstractTransferListenerAdapter - Downloaded http://maven.wso2.org/nexus/content/groups/wso2-public/org/apache/neethi/wso2/neethi/2.0.4.wso2v3/neethi-2.0.4.wso2v3.jar
2015-11-26 16:26:24,587 [Worker-37] INFO  o.e.m.c.i.e.AbstractTransferListenerAdapter - Downloading http://maven.wso2.org/nexus/content/groups/wso2-public/org/apache/axis2/wso2/axis2-json/1.6.1.wso2v9/axis2-json-1.6.1.wso2v9.jar
2015-11-26 16:26:24,704 [Worker-37] INFO  o.e.m.c.i.e.AbstractTransferListenerAdapter - Downloaded http://maven.wso2.org/nexus/content/groups/wso2-public/org/apache/axis2/wso2/axis2-json/1.6.1.wso2v9/axis2-json-1.6.1.wso2v9.jar
2015-11-26 16:26:24,709 [Worker-37] INFO  o.e.m.c.i.e.AbstractTransferListenerAdapter - Downloading http://maven.wso2.org/nexus/content/groups/wso2-public/org/apache/woden/wso2/woden/1.0.0.M8-wso2v1/woden-1.0.0.M8-wso2v1.jar
2015-11-26 16:26:26,224 [Worker-37] INFO  o.e.m.c.i.e.AbstractTransferListenerAdapter - Downloaded http://maven.wso2.org/nexus/content/groups/wso2-public/org/apache/woden/wso2/woden/1.0.0.M8-wso2v1/woden-1.0.0.M8-wso2v1.jar
2015-11-26 16:26:26,233 [Worker-37] INFO  o.e.m.c.i.e.AbstractTransferListenerAdapter - Downloading http://maven.wso2.org/nexus/content/groups/wso2-public/wsdl4j/wso2/wsdl4j/1.6.2.wso2v2/wsdl4j-1.6.2.wso2v2.jar
2015-11-26 16:26:27,061 [Worker-37] INFO  o.e.m.c.i.e.AbstractTransferListenerAdapter - Downloaded http://maven.wso2.org/nexus/content/groups/wso2-public/wsdl4j/wso2/wsdl4j/1.6.2.wso2v2/wsdl4j-1.6.2.wso2v2.jar
2015-11-26 16:26:27,067 [Worker-37] INFO  o.e.m.c.i.e.AbstractTransferListenerAdapter - Downloading http://maven.wso2.org/nexus/content/groups/wso2-public/wsdl4j/wsdl4j/1.6.2/wsdl4j-1.6.2.jar
2015-11-26 16:26:27,705 [Worker-37] INFO  o.e.m.c.i.e.AbstractTransferListenerAdapter - Downloaded http://maven.wso2.org/nexus/content/groups/wso2-public/wsdl4j/wsdl4j/1.6.2/wsdl4j-1.6.2.jar
2015-11-26 16:26:27,712 [Worker-37] INFO  o.e.m.c.i.e.AbstractTransferListenerAdapter - Downloading http://maven.wso2.org/nexus/content/groups/wso2-public/org/wso2/securevault/org.wso2.securevault/1.0.0/org.wso2.securevault-1.0.0.jar
2015-11-26 16:26:28,055 [Worker-37] INFO  o.e.m.c.i.e.AbstractTransferListenerAdapter - Downloaded http://maven.wso2.org/nexus/content/groups/wso2-public/org/wso2/securevault/org.wso2.securevault/1.0.0/org.wso2.securevault-1.0.0.jar
2015-11-26 16:26:28,060 [Worker-37] INFO  o.e.m.c.i.e.AbstractTransferListenerAdapter - Downloading http://maven.wso2.org/nexus/content/groups/wso2-public/org/apache/httpcomponents/wso2/httpcore/4.2.3.wso2v1/httpcore-4.2.3.wso2v1.jar
2015-11-26 16:26:29,006 [Worker-37] INFO  o.e.m.c.i.e.AbstractTransferListenerAdapter - Downloaded http://maven.wso2.org/nexus/content/groups/wso2-public/org/apache/httpcomponents/wso2/httpcore/4.2.3.wso2v1/httpcore-4.2.3.wso2v1.jar
2015-11-26 16:26:29,017 [Worker-37] INFO  o.e.m.c.i.e.AbstractTransferListenerAdapter - Downloading http://maven.wso2.org/nexus/content/groups/wso2-public/commons-fileupload/wso2/commons-fileupload/1.2.0.wso2v1/commons-fileupload-1.2.0.wso2v1.jar
2015-11-26 16:26:29,231 [Worker-37] INFO  o.e.m.c.i.e.AbstractTransferListenerAdapter - Downloaded http://maven.wso2.org/nexus/content/groups/wso2-public/commons-fileupload/wso2/commons-fileupload/1.2.0.wso2v1/commons-fileupload-1.2.0.wso2v1.jar
2015-11-26 16:26:29,236 [Worker-37] INFO  o.e.m.c.i.e.AbstractTransferListenerAdapter - Downloading http://maven.wso2.org/nexus/content/groups/wso2-public/commons-codec/wso2/commons-codec/1.4.0.wso2v1/commons-codec-1.4.0.wso2v1.jar
2015-11-26 16:26:29,472 [Worker-37] INFO  o.e.m.c.i.e.AbstractTransferListenerAdapter - Downloaded http://maven.wso2.org/nexus/content/groups/wso2-public/commons-codec/wso2/commons-codec/1.4.0.wso2v1/commons-codec-1.4.0.wso2v1.jar
2015-11-26 16:26:29,479 [Worker-37] INFO  o.e.m.c.i.e.AbstractTransferListenerAdapter - Downloading http://maven.wso2.org/nexus/content/groups/wso2-public/commons-httpclient/wso2/commons-httpclient/3.1.0.wso2v1/commons-httpclient-3.1.0.wso2v1.jar
2015-11-26 16:26:31,857 [Worker-37] INFO  o.e.m.c.i.e.AbstractTransferListenerAdapter - Downloaded http://maven.wso2.org/nexus/content/groups/wso2-public/commons-httpclient/wso2/commons-httpclient/3.1.0.wso2v1/commons-httpclient-3.1.0.wso2v1.jar
2015-11-26 16:26:31,866 [Worker-37] INFO  o.e.m.c.i.e.AbstractTransferListenerAdapter - Downloading http://maven.wso2.org/nexus/content/groups/wso2-public/org/wso2/carbon/org.wso2.carbon.authenticator.stub/3.2.0/org.wso2.carbon.authenticator.stub-3.2.0.jar
2015-11-26 16:26:32,448 [Worker-37] INFO  o.e.m.c.i.e.AbstractTransferListenerAdapter - Downloaded http://maven.wso2.org/nexus/content/groups/wso2-public/org/wso2/carbon/org.wso2.carbon.authenticator.stub/3.2.0/org.wso2.carbon.authenticator.stub-3.2.0.jar
2015-11-26 16:26:32,453 [Worker-37] INFO  o.e.m.c.i.e.AbstractTransferListenerAdapter - Downloading http://maven.wso2.org/nexus/content/groups/wso2-public/org/apache/axis2/wso2/axis2/1.6.1.wso2v3/axis2-1.6.1.wso2v3.jar
2015-11-26 16:27:08,322 [Worker-37] INFO  o.e.m.c.i.e.AbstractTransferListenerAdapter - Downloaded http://maven.wso2.org/nexus/content/groups/wso2-public/org/apache/axis2/wso2/axis2/1.6.1.wso2v3/axis2-1.6.1.wso2v3.jar
2015-11-26 16:27:08,327 [Worker-37] INFO  o.e.m.c.i.e.AbstractTransferListenerAdapter - Downloading http://maven.wso2.org/nexus/content/groups/wso2-public/org/wso2/carbon/org.wso2.carbon.roles.mgt.stub/3.2.0/org.wso2.carbon.roles.mgt.stub-3.2.0.jar
2015-11-26 16:27:08,685 [Worker-37] INFO  o.e.m.c.i.e.AbstractTransferListenerAdapter - Downloaded http://maven.wso2.org/nexus/content/groups/wso2-public/org/wso2/carbon/org.wso2.carbon.roles.mgt.stub/3.2.0/org.wso2.carbon.roles.mgt.stub-3.2.0.jar
2015-11-26 16:27:09,834 [Worker-37] INFO  o.e.m.c.i.e.AbstractTransferListenerAdapter - Downloading http://maven.wso2.org/nexus/content/groups/wso2-public/org/wso2/maven/maven-car-deploy-plugin/1.1.0/maven-car-deploy-plugin-1.1.0.pom
2015-11-26 16:27:09,903 [Worker-37] INFO  o.e.m.c.i.e.AbstractTransferListenerAdapter - Downloaded http://maven.wso2.org/nexus/content/groups/wso2-public/org/wso2/maven/maven-car-deploy-plugin/1.1.0/maven-car-deploy-plugin-1.1.0.pom
2015-11-26 16:27:09,956 [Worker-37] INFO  o.e.m.c.i.e.AbstractTransferListenerAdapter - Downloading http://maven.wso2.org/nexus/content/groups/wso2-public/org/apache/httpcomponents/httpcore/4.1/httpcore-4.1.pom
2015-11-26 16:27:10,007 [Worker-37] INFO  o.e.m.c.i.e.AbstractTransferListenerAdapter - Downloaded http://maven.wso2.org/nexus/content/groups/wso2-public/org/apache/httpcomponents/httpcore/4.1/httpcore-4.1.pom
2015-11-26 16:27:10,017 [Worker-37] INFO  o.e.m.c.i.e.AbstractTransferListenerAdapter - Downloading http://maven.wso2.org/nexus/content/groups/wso2-public/org/apache/httpcomponents/httpcomponents-core/4.1/httpcomponents-core-4.1.pom
2015-11-26 16:27:10,066 [Worker-37] INFO  o.e.m.c.i.e.AbstractTransferListenerAdapter - Downloaded http://maven.wso2.org/nexus/content/groups/wso2-public/org/apache/httpcomponents/httpcomponents-core/4.1/httpcomponents-core-4.1.pom
2015-11-26 16:27:10,076 [Worker-37] INFO  o.e.m.c.i.e.AbstractTransferListenerAdapter - Downloading http://maven.wso2.org/nexus/content/groups/wso2-public/org/apache/httpcomponents/project/4.1.1/project-4.1.1.pom
2015-11-26 16:27:10,159 [Worker-37] INFO  o.e.m.c.i.e.AbstractTransferListenerAdapter - Downloaded http://maven.wso2.org/nexus/content/groups/wso2-public/org/apache/httpcomponents/project/4.1.1/project-4.1.1.pom
2015-11-26 16:27:10,204 [Worker-37] INFO  o.e.m.c.i.e.AbstractTransferListenerAdapter - Downloading http://maven.wso2.org/nexus/content/groups/wso2-public/org/wso2/maven/maven-car-deploy-plugin/1.1.0/maven-car-deploy-plugin-1.1.0.jar
2015-11-26 16:27:11,345 [Worker-37] INFO  o.e.m.c.i.e.AbstractTransferListenerAdapter - Downloaded http://maven.wso2.org/nexus/content/groups/wso2-public/org/wso2/maven/maven-car-deploy-plugin/1.1.0/maven-car-deploy-plugin-1.1.0.jar
2015-11-26 16:27:11,350 [Worker-37] INFO  o.e.m.c.i.e.AbstractTransferListenerAdapter - Downloading http://maven.wso2.org/nexus/content/groups/wso2-public/org/apache/ws/commons/schema/XmlSchema/1.4.7-wso2v1/XmlSchema-1.4.7-wso2v1.jar
2015-11-26 16:27:11,988 [Worker-37] INFO  o.e.m.c.i.e.AbstractTransferListenerAdapter - Downloaded http://maven.wso2.org/nexus/content/groups/wso2-public/org/apache/ws/commons/schema/XmlSchema/1.4.7-wso2v1/XmlSchema-1.4.7-wso2v1.jar
2015-11-26 16:27:11,994 [Worker-37] INFO  o.e.m.c.i.e.AbstractTransferListenerAdapter - Downloading http://maven.wso2.org/nexus/content/groups/wso2-public/org/apache/httpcomponents/httpcore/4.1/httpcore-4.1.jar
2015-11-26 16:27:12,757 [Worker-37] INFO  o.e.m.c.i.e.AbstractTransferListenerAdapter - Downloaded http://maven.wso2.org/nexus/content/groups/wso2-public/org/apache/httpcomponents/httpcore/4.1/httpcore-4.1.jar
2015-11-26 16:27:15,870 [pool-2-thread-2] INFO  o.e.m.c.i.e.AbstractTransferListenerAdapter - Downloaded http://dist.wso2.org/maven2/org/apache/maven/plugins/maven-resources-plugin/maven-metadata.xml
2015-11-26 16:27:30,235 [pool-2-thread-1] INFO  o.e.m.c.i.e.AbstractTransferListenerAdapter - Downloading http://maven.wso2.org/nexus/content/groups/wso2-public/org/apache/maven/plugins/maven-resources-plugin/maven-metadata.xml
2015-11-26 16:27:31,222 [pool-2-thread-3] INFO  o.e.m.c.i.e.AbstractTransferListenerAdapter - Downloading http://maven.wso2.org/nexus/content/groups/wso2-public/org/apache/maven/plugins/maven-resources-plugin/maven-metadata.xml
2015-11-26 16:27:32,532 [pool-2-thread-3] INFO  o.e.m.c.i.e.AbstractTransferListenerAdapter - Downloaded http://maven.wso2.org/nexus/content/groups/wso2-public/org/apache/maven/plugins/maven-resources-plugin/maven-metadata.xml
2015-11-26 16:27:34,720 [pool-2-thread-1] INFO  o.e.m.c.i.e.AbstractTransferListenerAdapter - Downloaded http://maven.wso2.org/nexus/content/groups/wso2-public/org/apache/maven/plugins/maven-resources-plugin/maven-metadata.xml
2015-11-26 16:27:36,802 [pool-3-thread-2] INFO  o.e.m.c.i.e.AbstractTransferListenerAdapter - Downloaded http://dist.wso2.org/maven2/org/apache/maven/plugins/maven-compiler-plugin/maven-metadata.xml
2015-11-26 16:27:50,902 [pool-3-thread-1] INFO  o.e.m.c.i.e.AbstractTransferListenerAdapter - Downloading http://maven.wso2.org/nexus/content/groups/wso2-public/org/apache/maven/plugins/maven-compiler-plugin/maven-metadata.xml
2015-11-26 16:27:52,017 [pool-3-thread-3] INFO  o.e.m.c.i.e.AbstractTransferListenerAdapter - Downloading http://maven.wso2.org/nexus/content/groups/wso2-public/org/apache/maven/plugins/maven-compiler-plugin/maven-metadata.xml
2015-11-26 16:27:53,553 [pool-3-thread-3] INFO  o.e.m.c.i.e.AbstractTransferListenerAdapter - Downloaded http://maven.wso2.org/nexus/content/groups/wso2-public/org/apache/maven/plugins/maven-compiler-plugin/maven-metadata.xml
2015-11-26 16:27:54,356 [pool-3-thread-1] INFO  o.e.m.c.i.e.AbstractTransferListenerAdapter - Downloaded http://maven.wso2.org/nexus/content/groups/wso2-public/org/apache/maven/plugins/maven-compiler-plugin/maven-metadata.xml
2015-11-26 16:27:55,684 [pool-4-thread-2] INFO  o.e.m.c.i.e.AbstractTransferListenerAdapter - Downloaded http://dist.wso2.org/maven2/org/apache/maven/plugins/maven-surefire-plugin/maven-metadata.xml
2015-11-26 16:28:04,033 [pool-4-thread-3] INFO  o.e.m.c.i.e.AbstractTransferListenerAdapter - Downloading http://maven.wso2.org/nexus/content/groups/wso2-public/org/apache/maven/plugins/maven-surefire-plugin/maven-metadata.xml
2015-11-26 16:28:05,154 [pool-4-thread-1] INFO  o.e.m.c.i.e.AbstractTransferListenerAdapter - Downloading http://maven.wso2.org/nexus/content/groups/wso2-public/org/apache/maven/plugins/maven-surefire-plugin/maven-metadata.xml
2015-11-26 16:28:06,763 [pool-4-thread-3] INFO  o.e.m.c.i.e.AbstractTransferListenerAdapter - Downloaded http://maven.wso2.org/nexus/content/groups/wso2-public/org/apache/maven/plugins/maven-surefire-plugin/maven-metadata.xml
2015-11-26 16:28:07,850 [pool-4-thread-1] INFO  o.e.m.c.i.e.AbstractTransferListenerAdapter - Downloaded http://maven.wso2.org/nexus/content/groups/wso2-public/org/apache/maven/plugins/maven-surefire-plugin/maven-metadata.xml
2015-11-26 16:28:08,829 [pool-5-thread-2] INFO  o.e.m.c.i.e.AbstractTransferListenerAdapter - Downloaded http://dist.wso2.org/maven2/org/apache/maven/plugins/maven-install-plugin/maven-metadata.xml
2015-11-26 16:28:17,206 [pool-5-thread-3] INFO  o.e.m.c.i.e.AbstractTransferListenerAdapter - Downloading http://maven.wso2.org/nexus/content/groups/wso2-public/org/apache/maven/plugins/maven-install-plugin/maven-metadata.xml
2015-11-26 16:28:18,793 [pool-5-thread-3] INFO  o.e.m.c.i.e.AbstractTransferListenerAdapter - Downloaded http://maven.wso2.org/nexus/content/groups/wso2-public/org/apache/maven/plugins/maven-install-plugin/maven-metadata.xml
2015-11-26 16:28:22,653 [pool-5-thread-1] INFO  o.e.m.c.i.e.AbstractTransferListenerAdapter - Downloading http://maven.wso2.org/nexus/content/groups/wso2-public/org/apache/maven/plugins/maven-install-plugin/maven-metadata.xml
2015-11-26 16:28:22,811 [pool-5-thread-1] INFO  o.e.m.c.i.e.AbstractTransferListenerAdapter - Downloaded http://maven.wso2.org/nexus/content/groups/wso2-public/org/apache/maven/plugins/maven-install-plugin/maven-metadata.xml
2015-11-26 16:28:24,703 [pool-6-thread-2] INFO  o.e.m.c.i.e.AbstractTransferListenerAdapter - Downloaded http://dist.wso2.org/maven2/org/apache/maven/plugins/maven-deploy-plugin/maven-metadata.xml
2015-11-26 16:28:33,469 [pool-6-thread-3] INFO  o.e.m.c.i.e.AbstractTransferListenerAdapter - Downloading http://maven.wso2.org/nexus/content/groups/wso2-public/org/apache/maven/plugins/maven-deploy-plugin/maven-metadata.xml
2015-11-26 16:28:35,149 [pool-6-thread-1] INFO  o.e.m.c.i.e.AbstractTransferListenerAdapter - Downloading http://maven.wso2.org/nexus/content/groups/wso2-public/org/apache/maven/plugins/maven-deploy-plugin/maven-metadata.xml
2015-11-26 16:28:36,633 [pool-6-thread-3] INFO  o.e.m.c.i.e.AbstractTransferListenerAdapter - Downloaded http://maven.wso2.org/nexus/content/groups/wso2-public/org/apache/maven/plugins/maven-deploy-plugin/maven-metadata.xml
2015-11-26 16:28:36,633 [pool-6-thread-1] INFO  o.e.m.c.i.e.AbstractTransferListenerAdapter - Downloaded http://maven.wso2.org/nexus/content/groups/wso2-public/org/apache/maven/plugins/maven-deploy-plugin/maven-metadata.xml
2015-11-26 16:28:49,831 [Worker-37] INFO  o.e.m.c.i.l.LifecycleMappingFactory - Using DEFAULT lifecycle mapping for MavenProject: com.example.CAR_JRH830:CAR_JRH830:1.0.0 @ /Users/abner/git/wso2esbdrills/eclipse_workspace/drill_001/CAR_JRH830/pom.xml.
2015-11-26 16:28:54,588 [Worker-34] WARN  o.e.m.c.i.embedder.EclipseLogger - Using platform encoding (UTF-8 actually) to copy filtered resources, i.e. build is platform dependent!
2015-11-26 16:28:54,606 [Worker-34] INFO  o.e.m.c.i.embedder.EclipseLogger - skip non existing resourceDirectory /Users/abner/git/wso2esbdrills/eclipse_workspace/drill_001/CAR_JRH830/src/main/resources
2015-11-26 16:28:54,609 [Worker-34] WARN  o.e.m.c.i.embedder.EclipseLogger - Using platform encoding (UTF-8 actually) to copy filtered resources, i.e. build is platform dependent!
2015-11-26 16:28:54,615 [Worker-34] INFO  o.e.m.c.i.embedder.EclipseLogger - skip non existing resourceDirectory /Users/abner/git/wso2esbdrills/eclipse_workspace/drill_001/CAR_JRH830/src/test/resources
2015-11-26 16:28:56,815 [Worker-37] INFO  o.e.m.j.i.AbstractJavaProjectConfigurator - Adding source folder /CAR_JRH830/src/main/java
2015-11-26 16:28:58,658 [Worker-40] INFO  o.e.m.c.i.l.LifecycleMappingFactory - Using DEFAULT lifecycle mapping for MavenProject: com.example.CAR_JRH830:CAR_JRH830:1.0.0 @ /Users/abner/git/wso2esbdrills/eclipse_workspace/drill_001/CAR_JRH830/pom.xml.
2015-11-26 16:28:58,711 [Worker-40] WARN  o.e.m.c.i.embedder.EclipseLogger - Using platform encoding (UTF-8 actually) to copy filtered resources, i.e. build is platform dependent!
2015-11-26 16:28:58,712 [Worker-40] INFO  o.e.m.c.i.embedder.EclipseLogger - skip non existing resourceDirectory /Users/abner/git/wso2esbdrills/eclipse_workspace/drill_001/CAR_JRH830/src/main/resources
2015-11-26 16:28:58,714 [Worker-40] WARN  o.e.m.c.i.embedder.EclipseLogger - Using platform encoding (UTF-8 actually) to copy filtered resources, i.e. build is platform dependent!
2015-11-26 16:28:58,715 [Worker-40] INFO  o.e.m.c.i.embedder.EclipseLogger - skip non existing resourceDirectory /Users/abner/git/wso2esbdrills/eclipse_workspace/drill_001/CAR_JRH830/src/test/resources
2015-11-26 16:28:58,724 [Worker-37] INFO  o.e.m.j.i.AbstractJavaProjectConfigurator - Adding source folder /CAR_JRH830/src/test/java
2015-11-26 16:28:59,968 [Worker-33] WARN  o.e.m.c.i.embedder.EclipseLogger - Using platform encoding (UTF-8 actually) to copy filtered resources, i.e. build is platform dependent!
2015-11-26 16:28:59,979 [Worker-33] INFO  o.e.m.c.i.embedder.EclipseLogger - skip non existing resourceDirectory /Users/abner/git/wso2esbdrills/eclipse_workspace/drill_001/CAR_JRH830/src/main/resources
2015-11-26 16:28:59,981 [Worker-33] WARN  o.e.m.c.i.embedder.EclipseLogger - Using platform encoding (UTF-8 actually) to copy filtered resources, i.e. build is platform dependent!
2015-11-26 16:28:59,997 [Worker-33] INFO  o.e.m.c.i.embedder.EclipseLogger - skip non existing resourceDirectory /Users/abner/git/wso2esbdrills/eclipse_workspace/drill_001/CAR_JRH830/src/test/resources
2015-11-26 16:29:14,932 [Worker-37] INFO  o.e.m.c.i.p.ProjectConfigurationManager - Update started
2015-11-26 16:29:16,128 [Worker-38] INFO  o.e.m.c.i.l.LifecycleMappingFactory - Using DEFAULT lifecycle mapping for MavenProject: com.example.CAR_JRH830:CAR_JRH830:1.0.0 @ /Users/abner/git/wso2esbdrills/eclipse_workspace/drill_001/CAR_JRH830/pom.xml.
2015-11-26 16:29:16,255 [Worker-38] WARN  o.e.m.c.i.embedder.EclipseLogger - Using platform encoding (UTF-8 actually) to copy filtered resources, i.e. build is platform dependent!
2015-11-26 16:29:16,320 [Worker-38] INFO  o.e.m.c.i.embedder.EclipseLogger - skip non existing resourceDirectory /Users/abner/git/wso2esbdrills/eclipse_workspace/drill_001/CAR_JRH830/src/main/resources
2015-11-26 16:29:16,322 [Worker-38] WARN  o.e.m.c.i.embedder.EclipseLogger - Using platform encoding (UTF-8 actually) to copy filtered resources, i.e. build is platform dependent!
2015-11-26 16:29:16,330 [Worker-38] INFO  o.e.m.c.i.embedder.EclipseLogger - skip non existing resourceDirectory /Users/abner/git/wso2esbdrills/eclipse_workspace/drill_001/CAR_JRH830/src/test/resources
2015-11-26 16:29:16,422 [Worker-37] INFO  o.e.m.c.i.l.LifecycleMappingFactory - Using DEFAULT lifecycle mapping for MavenProject: com.example.CAR_JRH830:CAR_JRH830:1.0.0 @ /Users/abner/git/wso2esbdrills/eclipse_workspace/drill_001/CAR_JRH830/pom.xml.
2015-11-26 16:29:16,621 [Worker-37] INFO  o.e.m.j.i.AbstractJavaProjectConfigurator - Adding source folder /CAR_JRH830/src/main/java
2015-11-26 16:29:16,621 [Worker-37] INFO  o.e.m.j.i.AbstractJavaProjectConfigurator - Adding source folder /CAR_JRH830/src/test/java
2015-11-26 16:29:16,769 [Worker-37] INFO  o.e.m.c.i.p.ProjectConfigurationManager - Update completed: 1 sec
2015-11-26 16:29:17,377 [Worker-35] WARN  o.e.m.c.i.embedder.EclipseLogger - Using platform encoding (UTF-8 actually) to copy filtered resources, i.e. build is platform dependent!
2015-11-26 16:29:17,377 [Worker-35] INFO  o.e.m.c.i.embedder.EclipseLogger - skip non existing resourceDirectory /Users/abner/git/wso2esbdrills/eclipse_workspace/drill_001/CAR_JRH830/src/main/resources
2015-11-26 16:29:17,379 [Worker-35] WARN  o.e.m.c.i.embedder.EclipseLogger - Using platform encoding (UTF-8 actually) to copy filtered resources, i.e. build is platform dependent!
2015-11-26 16:29:17,380 [Worker-35] INFO  o.e.m.c.i.embedder.EclipseLogger - skip non existing resourceDirectory /Users/abner/git/wso2esbdrills/eclipse_workspace/drill_001/CAR_JRH830/src/test/resources
