2015-12-02 17:13:27,081 [Worker-5] INFO  o.e.m.c.i.l.LifecycleMappingFactory - Using org.maven.ide.eclipse.wtp.WarLifecycleMapping lifecycle mapping for MavenProject: org.ed.integra:integra-tasks:0.0.1-SNAPSHOT @ /Users/abner/git/wso2esbdrills/eclipse_workspace/drill_api_001/integra-tasks/pom.xml.
2015-12-02 17:13:27,081 [Worker-8] INFO  o.e.m.c.i.l.LifecycleMappingFactory - Using org.maven.ide.eclipse.wtp.WarLifecycleMapping lifecycle mapping for MavenProject: org.ed.integra:integra-tasks:0.0.1-SNAPSHOT @ /Users/abner/git/wso2esbdrills/eclipse_workspace/drill_api_001/integra-tasks/pom.xml.
2015-12-02 17:13:33,832 [Worker-5] INFO  o.e.m.c.i.embedder.EclipseLogger - Using 'UTF-8' encoding to copy filtered resources.
2015-12-02 17:13:33,852 [Worker-5] INFO  o.e.m.c.i.embedder.EclipseLogger - Copying 0 resource
2015-12-02 17:13:33,856 [Worker-5] INFO  o.e.m.c.i.embedder.EclipseLogger - Using 'UTF-8' encoding to copy filtered resources.
2015-12-02 17:13:33,858 [Worker-5] INFO  o.e.m.c.i.embedder.EclipseLogger - skip non existing resourceDirectory /Users/abner/git/wso2esbdrills/eclipse_workspace/drill_api_001/integra-tasks/src/test/resources
2015-12-02 17:13:35,911 [Worker-14] INFO  o.e.m.c.i.embedder.EclipseLogger - Using 'UTF-8' encoding to copy filtered resources.
2015-12-02 17:13:36,003 [Worker-14] INFO  o.e.m.c.i.embedder.EclipseLogger - Copying 0 resource
2015-12-02 17:13:36,005 [Worker-14] INFO  o.e.m.c.i.embedder.EclipseLogger - Using 'UTF-8' encoding to copy filtered resources.
2015-12-02 17:13:36,006 [Worker-14] INFO  o.e.m.c.i.embedder.EclipseLogger - skip non existing resourceDirectory /Users/abner/git/wso2esbdrills/eclipse_workspace/drill_api_001/integra-tasks/src/test/resources
2015-12-02 17:13:36,189 [Worker-13] INFO  o.e.m.c.i.l.LifecycleMappingFactory - Using org.maven.ide.eclipse.wtp.WarLifecycleMapping lifecycle mapping for MavenProject: org.ed.integra:integra-tasks:0.0.1-SNAPSHOT @ /Users/abner/git/wso2esbdrills/eclipse_workspace/drill_api_001/integra-tasks/pom.xml.
2015-12-02 17:13:46,093 [Worker-14] INFO  o.e.m.c.i.embedder.EclipseLogger - Using 'UTF-8' encoding to copy filtered resources.
2015-12-02 17:13:46,093 [Worker-14] INFO  o.e.m.c.i.embedder.EclipseLogger - Copying 0 resource
2015-12-02 17:13:46,095 [Worker-14] INFO  o.e.m.c.i.embedder.EclipseLogger - Using 'UTF-8' encoding to copy filtered resources.
2015-12-02 17:13:46,095 [Worker-14] INFO  o.e.m.c.i.embedder.EclipseLogger - skip non existing resourceDirectory /Users/abner/git/wso2esbdrills/eclipse_workspace/drill_api_001/integra-tasks/src/test/resources
2015-12-02 18:48:15,547 [Worker-0] INFO  o.e.m.c.i.embedder.EclipseLogger - Using 'UTF-8' encoding to copy filtered resources.
2015-12-02 18:48:15,793 [Worker-0] INFO  o.e.m.c.i.embedder.EclipseLogger - Copying 0 resource
2015-12-02 18:48:15,796 [Worker-0] INFO  o.e.m.c.i.embedder.EclipseLogger - Using 'UTF-8' encoding to copy filtered resources.
2015-12-02 18:48:15,797 [Worker-0] INFO  o.e.m.c.i.embedder.EclipseLogger - skip non existing resourceDirectory /Users/abner/git/wso2esbdrills/eclipse_workspace/drill_api_001/integra-tasks/src/test/resources
2015-12-02 18:53:59,873 [Worker-12] INFO  o.e.m.c.i.l.LifecycleMappingFactory - Using org.maven.ide.eclipse.wtp.WarLifecycleMapping lifecycle mapping for MavenProject: org.ed.integra:integra-rest:0.0.1-SNAPSHOT @ /Users/abner/git/wso2esbdrills/eclipse_workspace/drill_api_001/integra-rest/pom.xml.
2015-12-02 18:53:59,873 [Worker-8] INFO  o.e.m.c.i.l.LifecycleMappingFactory - Using org.maven.ide.eclipse.wtp.WarLifecycleMapping lifecycle mapping for MavenProject: org.ed.integra:integra-rest:0.0.1-SNAPSHOT @ /Users/abner/git/wso2esbdrills/eclipse_workspace/drill_api_001/integra-rest/pom.xml.
2015-12-02 18:54:04,639 [Worker-12] INFO  o.e.m.c.i.embedder.EclipseLogger - Using 'UTF-8' encoding to copy filtered resources.
2015-12-02 18:54:04,639 [Worker-12] INFO  o.e.m.c.i.embedder.EclipseLogger - Copying 0 resource
2015-12-02 18:54:04,641 [Worker-12] INFO  o.e.m.c.i.embedder.EclipseLogger - Using 'UTF-8' encoding to copy filtered resources.
2015-12-02 18:54:04,641 [Worker-12] INFO  o.e.m.c.i.embedder.EclipseLogger - skip non existing resourceDirectory /Users/abner/git/wso2esbdrills/eclipse_workspace/drill_api_001/integra-rest/src/test/resources
2015-12-02 18:54:06,063 [Worker-14] INFO  o.e.m.c.i.l.LifecycleMappingFactory - Using org.maven.ide.eclipse.wtp.WarLifecycleMapping lifecycle mapping for MavenProject: org.ed.integra:integra-rest:0.0.1-SNAPSHOT @ /Users/abner/git/wso2esbdrills/eclipse_workspace/drill_api_001/integra-rest/pom.xml.
2015-12-02 18:54:10,005 [Worker-3] INFO  o.e.m.c.i.embedder.EclipseLogger - Using 'UTF-8' encoding to copy filtered resources.
2015-12-02 18:54:10,045 [Worker-3] INFO  o.e.m.c.i.embedder.EclipseLogger - Copying 0 resource
2015-12-02 18:54:10,048 [Worker-3] INFO  o.e.m.c.i.embedder.EclipseLogger - Using 'UTF-8' encoding to copy filtered resources.
2015-12-02 18:54:10,048 [Worker-3] INFO  o.e.m.c.i.embedder.EclipseLogger - skip non existing resourceDirectory /Users/abner/git/wso2esbdrills/eclipse_workspace/drill_api_001/integra-rest/src/test/resources
2015-12-02 18:54:11,151 [Worker-13] INFO  o.e.m.c.i.embedder.EclipseLogger - Using 'UTF-8' encoding to copy filtered resources.
2015-12-02 18:54:11,151 [Worker-13] INFO  o.e.m.c.i.embedder.EclipseLogger - Copying 0 resource
2015-12-02 18:54:11,153 [Worker-13] INFO  o.e.m.c.i.embedder.EclipseLogger - Using 'UTF-8' encoding to copy filtered resources.
2015-12-02 18:54:11,153 [Worker-13] INFO  o.e.m.c.i.embedder.EclipseLogger - skip non existing resourceDirectory /Users/abner/git/wso2esbdrills/eclipse_workspace/drill_api_001/integra-rest/src/test/resources
2015-12-02 19:51:16,806 [Worker-5] INFO  o.e.m.c.i.embedder.EclipseLogger - Using 'UTF-8' encoding to copy filtered resources.
2015-12-02 19:51:16,935 [Worker-5] INFO  o.e.m.c.i.embedder.EclipseLogger - Copying 0 resource
2015-12-02 19:51:16,940 [Worker-5] INFO  o.e.m.c.i.embedder.EclipseLogger - Using 'UTF-8' encoding to copy filtered resources.
2015-12-02 19:51:16,940 [Worker-5] INFO  o.e.m.c.i.embedder.EclipseLogger - skip non existing resourceDirectory /Users/abner/git/wso2esbdrills/eclipse_workspace/drill_api_001/integra-rest/src/test/resources
2015-12-02 21:35:29,107 [Worker-4] INFO  o.e.m.c.i.embedder.EclipseLogger - Using 'UTF-8' encoding to copy filtered resources.
2015-12-02 21:35:29,285 [Worker-4] INFO  o.e.m.c.i.embedder.EclipseLogger - Copying 0 resource
2015-12-02 21:35:29,288 [Worker-4] INFO  o.e.m.c.i.embedder.EclipseLogger - Using 'UTF-8' encoding to copy filtered resources.
2015-12-02 21:35:29,289 [Worker-4] INFO  o.e.m.c.i.embedder.EclipseLogger - skip non existing resourceDirectory /Users/abner/git/wso2esbdrills/eclipse_workspace/drill_api_001/integra-rest/src/test/resources
2015-12-03 13:07:38,085 [Worker-2] INFO  o.e.m.c.i.embedder.EclipseLogger - Using 'UTF-8' encoding to copy filtered resources.
2015-12-03 13:07:38,211 [Worker-2] INFO  o.e.m.c.i.embedder.EclipseLogger - Copying 0 resource
2015-12-03 13:07:38,215 [Worker-2] INFO  o.e.m.c.i.embedder.EclipseLogger - Using 'UTF-8' encoding to copy filtered resources.
2015-12-03 13:07:38,255 [Worker-2] INFO  o.e.m.c.i.embedder.EclipseLogger - skip non existing resourceDirectory /Users/abner/git/wso2esbdrills/eclipse_workspace/drill_api_001/integra-rest/src/test/resources
2015-12-03 19:02:32,855 [Worker-2] INFO  o.e.m.c.i.embedder.EclipseLogger - Using 'UTF-8' encoding to copy filtered resources.
2015-12-03 19:02:32,923 [Worker-2] INFO  o.e.m.c.i.embedder.EclipseLogger - Copying 0 resource
2015-12-03 19:02:32,927 [Worker-2] INFO  o.e.m.c.i.embedder.EclipseLogger - Using 'UTF-8' encoding to copy filtered resources.
2015-12-03 19:02:32,928 [Worker-2] INFO  o.e.m.c.i.embedder.EclipseLogger - skip non existing resourceDirectory /Users/abner/git/wso2esbdrills/eclipse_workspace/drill_api_001/integra-rest/src/test/resources
2015-12-03 21:32:15,250 [Worker-5] INFO  o.e.m.c.i.embedder.EclipseLogger - Using 'UTF-8' encoding to copy filtered resources.
2015-12-03 21:32:15,341 [Worker-5] INFO  o.e.m.c.i.embedder.EclipseLogger - Copying 0 resource
2015-12-03 21:32:15,345 [Worker-5] INFO  o.e.m.c.i.embedder.EclipseLogger - Using 'UTF-8' encoding to copy filtered resources.
2015-12-03 21:32:15,345 [Worker-5] INFO  o.e.m.c.i.embedder.EclipseLogger - skip non existing resourceDirectory /Users/abner/git/wso2esbdrills/eclipse_workspace/drill_api_001/integra-rest/src/test/resources
2015-12-03 21:52:49,142 [Worker-7] INFO  o.e.m.c.i.embedder.EclipseLogger - Using 'UTF-8' encoding to copy filtered resources.
2015-12-03 21:52:49,244 [Worker-7] INFO  o.e.m.c.i.embedder.EclipseLogger - Copying 0 resource
2015-12-03 21:52:49,248 [Worker-7] INFO  o.e.m.c.i.embedder.EclipseLogger - Using 'UTF-8' encoding to copy filtered resources.
2015-12-03 21:52:49,248 [Worker-7] INFO  o.e.m.c.i.embedder.EclipseLogger - skip non existing resourceDirectory /Users/abner/git/wso2esbdrills/eclipse_workspace/drill_api_001/integra-rest/src/test/resources
2015-12-04 13:26:02,552 [Worker-2] INFO  o.e.m.c.i.embedder.EclipseLogger - Using 'UTF-8' encoding to copy filtered resources.
2015-12-04 13:26:02,807 [Worker-2] INFO  o.e.m.c.i.embedder.EclipseLogger - Copying 0 resource
2015-12-04 13:26:02,811 [Worker-2] INFO  o.e.m.c.i.embedder.EclipseLogger - Using 'UTF-8' encoding to copy filtered resources.
2015-12-04 13:26:02,811 [Worker-2] INFO  o.e.m.c.i.embedder.EclipseLogger - skip non existing resourceDirectory /Users/abner/git/wso2esbdrills/eclipse_workspace/drill_api_001/integra-rest/src/test/resources
2015-12-06 22:57:46,943 [Worker-7] INFO  o.e.m.c.i.embedder.EclipseLogger - Using 'UTF-8' encoding to copy filtered resources.
2015-12-06 22:57:47,024 [Worker-7] INFO  o.e.m.c.i.embedder.EclipseLogger - Copying 0 resource
2015-12-06 22:57:47,027 [Worker-7] INFO  o.e.m.c.i.embedder.EclipseLogger - Using 'UTF-8' encoding to copy filtered resources.
2015-12-06 22:57:47,027 [Worker-7] INFO  o.e.m.c.i.embedder.EclipseLogger - skip non existing resourceDirectory /Users/abner/git/wso2esbdrills/eclipse_workspace/drill_api_001/integra-rest/src/test/resources
2015-12-07 13:26:50,841 [Worker-2] INFO  o.e.m.c.i.embedder.EclipseLogger - Using 'UTF-8' encoding to copy filtered resources.
2015-12-07 13:26:50,985 [Worker-2] INFO  o.e.m.c.i.embedder.EclipseLogger - Copying 0 resource
2015-12-07 13:26:50,988 [Worker-2] INFO  o.e.m.c.i.embedder.EclipseLogger - Using 'UTF-8' encoding to copy filtered resources.
2015-12-07 13:26:51,035 [Worker-2] INFO  o.e.m.c.i.embedder.EclipseLogger - skip non existing resourceDirectory /Users/abner/git/wso2esbdrills/eclipse_workspace/drill_api_001/integra-rest/src/test/resources
2015-12-09 01:25:55,306 [Worker-3] INFO  o.e.m.c.i.embedder.EclipseLogger - Using 'UTF-8' encoding to copy filtered resources.
2015-12-09 01:25:55,737 [Worker-3] INFO  o.e.m.c.i.embedder.EclipseLogger - Copying 0 resource
2015-12-09 01:25:55,741 [Worker-3] INFO  o.e.m.c.i.embedder.EclipseLogger - Using 'UTF-8' encoding to copy filtered resources.
2015-12-09 01:25:55,776 [Worker-3] INFO  o.e.m.c.i.embedder.EclipseLogger - skip non existing resourceDirectory /Users/abner/git/wso2esbdrills/eclipse_workspace/drill_api_001/integra-rest/src/test/resources
2015-12-09 01:38:06,698 [Worker-1] INFO  o.e.m.c.i.embedder.EclipseLogger - Using 'UTF-8' encoding to copy filtered resources.
2015-12-09 01:38:07,103 [Worker-1] INFO  o.e.m.c.i.embedder.EclipseLogger - Copying 0 resource
2015-12-09 01:38:07,106 [Worker-1] INFO  o.e.m.c.i.embedder.EclipseLogger - Using 'UTF-8' encoding to copy filtered resources.
2015-12-09 01:38:07,106 [Worker-1] INFO  o.e.m.c.i.embedder.EclipseLogger - skip non existing resourceDirectory /Users/abner/git/wso2esbdrills/eclipse_workspace/drill_api_001/integra-rest/src/test/resources
2015-12-09 14:56:07,187 [Worker-5] INFO  o.e.m.c.i.embedder.EclipseLogger - Using 'UTF-8' encoding to copy filtered resources.
2015-12-09 14:56:07,506 [Worker-5] INFO  o.e.m.c.i.embedder.EclipseLogger - Copying 0 resource
2015-12-09 14:56:07,510 [Worker-5] INFO  o.e.m.c.i.embedder.EclipseLogger - Using 'UTF-8' encoding to copy filtered resources.
2015-12-09 14:56:07,510 [Worker-5] INFO  o.e.m.c.i.embedder.EclipseLogger - skip non existing resourceDirectory /Users/abner/git/wso2esbdrills/eclipse_workspace/drill_api_001/integra-rest/src/test/resources
2015-12-09 16:33:30,155 [Worker-7] INFO  o.e.m.c.i.embedder.EclipseLogger - Using 'UTF-8' encoding to copy filtered resources.
2015-12-09 16:33:30,505 [Worker-7] INFO  o.e.m.c.i.embedder.EclipseLogger - Copying 0 resource
2015-12-09 16:33:30,509 [Worker-7] INFO  o.e.m.c.i.embedder.EclipseLogger - Using 'UTF-8' encoding to copy filtered resources.
2015-12-09 16:33:30,531 [Worker-7] INFO  o.e.m.c.i.embedder.EclipseLogger - skip non existing resourceDirectory /Users/abner/git/wso2esbdrills/eclipse_workspace/drill_api_001/integra-rest/src/test/resources
2015-12-09 19:15:32,847 [Worker-2] INFO  o.e.m.c.i.embedder.EclipseLogger - Using 'UTF-8' encoding to copy filtered resources.
2015-12-09 19:15:33,002 [Worker-2] INFO  o.e.m.c.i.embedder.EclipseLogger - Copying 0 resource
2015-12-09 19:15:33,007 [Worker-2] INFO  o.e.m.c.i.embedder.EclipseLogger - Using 'UTF-8' encoding to copy filtered resources.
2015-12-09 19:15:33,007 [Worker-2] INFO  o.e.m.c.i.embedder.EclipseLogger - skip non existing resourceDirectory /Users/abner/git/wso2esbdrills/eclipse_workspace/drill_api_001/integra-rest/src/test/resources
2015-12-09 20:22:00,134 [Worker-2] INFO  o.e.m.c.i.embedder.EclipseLogger - Using 'UTF-8' encoding to copy filtered resources.
2015-12-09 20:22:00,236 [Worker-2] INFO  o.e.m.c.i.embedder.EclipseLogger - Copying 0 resource
2015-12-09 20:22:00,239 [Worker-2] INFO  o.e.m.c.i.embedder.EclipseLogger - Using 'UTF-8' encoding to copy filtered resources.
2015-12-09 20:22:00,239 [Worker-2] INFO  o.e.m.c.i.embedder.EclipseLogger - skip non existing resourceDirectory /Users/abner/git/wso2esbdrills/eclipse_workspace/drill_api_001/integra-rest/src/test/resources
2015-12-09 20:37:57,229 [Worker-7] INFO  o.e.m.c.i.embedder.EclipseLogger - Using 'UTF-8' encoding to copy filtered resources.
2015-12-09 20:37:57,596 [Worker-7] INFO  o.e.m.c.i.embedder.EclipseLogger - Copying 0 resource
2015-12-09 20:37:57,668 [Worker-7] INFO  o.e.m.c.i.embedder.EclipseLogger - Using 'UTF-8' encoding to copy filtered resources.
2015-12-09 20:37:57,668 [Worker-7] INFO  o.e.m.c.i.embedder.EclipseLogger - skip non existing resourceDirectory /Users/abner/git/wso2esbdrills/eclipse_workspace/drill_api_001/integra-rest/src/test/resources
2015-12-09 22:02:42,976 [Worker-3] INFO  o.e.m.c.i.embedder.EclipseLogger - Using 'UTF-8' encoding to copy filtered resources.
2015-12-09 22:02:43,246 [Worker-3] INFO  o.e.m.c.i.embedder.EclipseLogger - Copying 0 resource
2015-12-09 22:02:43,251 [Worker-3] INFO  o.e.m.c.i.embedder.EclipseLogger - Using 'UTF-8' encoding to copy filtered resources.
2015-12-09 22:02:43,331 [Worker-3] INFO  o.e.m.c.i.embedder.EclipseLogger - skip non existing resourceDirectory /Users/abner/git/wso2esbdrills/eclipse_workspace/drill_api_001/integra-rest/src/test/resources
2015-12-09 22:25:26,097 [Worker-4] INFO  o.e.m.c.i.embedder.EclipseLogger - Using 'UTF-8' encoding to copy filtered resources.
2015-12-09 22:25:26,454 [Worker-4] INFO  o.e.m.c.i.embedder.EclipseLogger - Copying 0 resource
2015-12-09 22:25:26,457 [Worker-4] INFO  o.e.m.c.i.embedder.EclipseLogger - Using 'UTF-8' encoding to copy filtered resources.
2015-12-09 22:25:26,457 [Worker-4] INFO  o.e.m.c.i.embedder.EclipseLogger - skip non existing resourceDirectory /Users/abner/git/wso2esbdrills/eclipse_workspace/drill_api_001/integra-rest/src/test/resources
2015-12-10 12:41:08,354 [Worker-5] INFO  o.e.m.c.i.embedder.EclipseLogger - Using 'UTF-8' encoding to copy filtered resources.
2015-12-10 12:41:08,526 [Worker-5] INFO  o.e.m.c.i.embedder.EclipseLogger - Copying 0 resource
2015-12-10 12:41:08,531 [Worker-5] INFO  o.e.m.c.i.embedder.EclipseLogger - Using 'UTF-8' encoding to copy filtered resources.
2015-12-10 12:41:08,531 [Worker-5] INFO  o.e.m.c.i.embedder.EclipseLogger - skip non existing resourceDirectory /Users/abner/git/wso2esbdrills/eclipse_workspace/drill_api_001/integra-rest/src/test/resources
2015-12-11 12:22:05,079 [Worker-4] INFO  o.e.m.c.i.embedder.EclipseLogger - Using 'UTF-8' encoding to copy filtered resources.
2015-12-11 12:22:05,452 [Worker-4] INFO  o.e.m.c.i.embedder.EclipseLogger - Copying 0 resource
2015-12-11 12:22:05,457 [Worker-4] INFO  o.e.m.c.i.embedder.EclipseLogger - Using 'UTF-8' encoding to copy filtered resources.
2015-12-11 12:22:05,457 [Worker-4] INFO  o.e.m.c.i.embedder.EclipseLogger - skip non existing resourceDirectory /Users/abner/git/wso2esbdrills/eclipse_workspace/drill_api_001/integra-rest/src/test/resources
2015-12-11 17:33:49,261 [Worker-4] INFO  o.e.m.c.i.embedder.EclipseLogger - Using 'UTF-8' encoding to copy filtered resources.
2015-12-11 17:33:49,550 [Worker-4] INFO  o.e.m.c.i.embedder.EclipseLogger - Copying 0 resource
2015-12-11 17:33:49,554 [Worker-4] INFO  o.e.m.c.i.embedder.EclipseLogger - Using 'UTF-8' encoding to copy filtered resources.
2015-12-11 17:33:49,564 [Worker-4] INFO  o.e.m.c.i.embedder.EclipseLogger - skip non existing resourceDirectory /Users/abner/git/wso2esbdrills/eclipse_workspace/drill_api_001/integra-rest/src/test/resources
